INFO [2022-10-29 22:15:34] [[1]]
INFO [2022-10-29 22:15:34] geneList
INFO [2022-10-29 22:15:34] 
INFO [2022-10-29 22:15:34] $filename
INFO [2022-10-29 22:15:34] NULL
INFO [2022-10-29 22:15:34] 
INFO [2022-10-29 22:15:34] $fill
INFO [2022-10-29 22:15:34] c("cornflowerblue", "darkorchid1")
INFO [2022-10-29 22:15:34] 
INFO [2022-10-29 22:15:34] $scaled
INFO [2022-10-29 22:15:34] [1] FALSE
INFO [2022-10-29 22:15:34] 
INFO [2022-10-29 22:15:34] $cat.pos
INFO [2022-10-29 22:15:34] c(-1, 1)
INFO [2022-10-29 22:15:34] 
INFO [2022-10-29 22:15:34] $cat.col
INFO [2022-10-29 22:15:34] c("cornflowerblue", "darkorchid1")
INFO [2022-10-29 22:15:34] 
INFO [2022-10-29 22:15:34] $cat.cex
INFO [2022-10-29 22:15:34] [1] 1
INFO [2022-10-29 22:15:34] 
